  l6t3.c
C:\hw_2sem\lab6\l6t1\l6t1\l6t3.c(25,16): error C2057: требуется константное выражение
C:\hw_2sem\lab6\l6t1\l6t1\l6t3.c(25,20): error C2466: невозможно выделить память для массива постоянного нулевого размера
C:\hw_2sem\lab6\l6t1\l6t1\l6t3.c(25,9): error C2133: numArr: неизвестный размер
  lab6task1.c
  Создание кода...
